<?xml version="1.0" encoding="UTF-8"?>
<!-- Generated by org.testng.reporters.JUnitReportReporter -->
<testsuite hostname="DESKTOP-H7Q5K2I" name="com.amazon.qa.testcases.LoginPageTest" tests="3" failures="0" timestamp="11 Sep 2020 06:26:44 GMT" time="6.306" errors="0">
  <testcase name="loginPageTitleTest" time="0.022" classname="com.amazon.qa.testcases.LoginPageTest"/>
  <testcase name="amazonLogoImageTest" time="0.223" classname="com.amazon.qa.testcases.LoginPageTest"/>
  <testcase name="loginTest" time="6.061" classname="com.amazon.qa.testcases.LoginPageTest"/>
</testsuite>
