<?xml version="1.0" encoding="UTF-8"?>
<!-- Generated by org.testng.reporters.JUnitReportReporter -->
<testsuite hostname="DESKTOP-H7Q5K2I" name="com.amazon.qa.testcases.OrdersPageTest" tests="1" failures="0" timestamp="11 Sep 2020 14:25:19 GMT" time="0.394" errors="0">
  <testcase name="verifyOrdersPageLabel" time="0.394" classname="com.amazon.qa.testcases.OrdersPageTest"/>
</testsuite>
